[0.027s] Invoking command in '/media/kl/æ•°æ®/github/Github_respository/ROS-_for_Study/ws01_plumbing/build/cpp01_topic': AMENT_PREFIX_PATH=/media/kl/æ•°æ®/github/Github_respository/ROS-_for_Study/ws01_plumbing/install/base_interfaces_demo:${AMENT_PREFIX_PATH} CMAKE_PREFIX_PATH=/media/kl/æ•°æ®/github/Github_respository/ROS-_for_Study/ws01_plumbing/install/base_interfaces_demo:/media/kl/æ•°æ®/github/Github_respository/ROS-_for_Study/ws00_helloworld/install/pkg01_helloworld_cpp:/media/kl/æ•°æ®/github/Github_respository/ROS-_for_Study/ws00_helloworld/install/pkg02_helloworld_py:/opt/ros/humble /usr/bin/cmake /media/kl/æ•°æ®/github/Github_respository/ROS-_for_Study/ws01_plumbing/src/cpp01_topic -DCMAKE_INSTALL_PREFIX=/media/kl/æ•°æ®/github/Github_respository/ROS-_for_Study/ws01_plumbing/install/cpp01_topic
[0.144s] -- The C compiler identification is GNU 11.3.0
[0.229s] -- The CXX compiler identification is GNU 11.3.0
[0.241s] -- Detecting C compiler ABI info
[0.329s] -- Detecting C compiler ABI info - done
[0.336s] -- Check for working C compiler: /usr/bin/cc - skipped
[0.337s] -- Detecting C compile features
[0.337s] -- Detecting C compile features - done
[0.345s] -- Detecting CXX compiler ABI info
[0.442s] -- Detecting CXX compiler ABI info - done
[0.451s] -- Check for working CXX compiler: /usr/bin/c++ - skipped
[0.451s] -- Detecting CXX compile features
[0.451s] -- Detecting CXX compile features - done
[0.465s] -- Found ament_cmake: 1.3.5 (/opt/ros/humble/share/ament_cmake/cmake)
[0.650s] -- Found Python3: /usr/bin/python3.10 (found version "3.10.6") found components: Interpreter 
[0.836s] -- Found rclcpp: 16.0.4 (/opt/ros/humble/share/rclcpp/cmake)
[0.950s] -- Found rosidl_generator_c: 3.1.4 (/opt/ros/humble/share/rosidl_generator_c/cmake)
[0.966s] -- Found rosidl_adapter: 3.1.4 (/opt/ros/humble/share/rosidl_adapter/cmake)
[0.984s] -- Found rosidl_generator_cpp: 3.1.4 (/opt/ros/humble/share/rosidl_generator_cpp/cmake)
[1.012s] -- Using all available rosidl_typesupport_c: rosidl_typesupport_fastrtps_c;rosidl_typesupport_introspection_c
[1.059s] -- Using all available rosidl_typesupport_cpp: rosidl_typesupport_fastrtps_cpp;rosidl_typesupport_introspection_cpp
[1.182s] -- Found rmw_implementation_cmake: 6.1.1 (/opt/ros/humble/share/rmw_implementation_cmake/cmake)
[1.190s] -- Found rmw_fastrtps_cpp: 6.2.2 (/opt/ros/humble/share/rmw_fastrtps_cpp/cmake)
[1.308s] -- Found OpenSSL: /usr/lib/x86_64-linux-gnu/libcrypto.so (found version "3.0.2")  
[1.338s] -- Found FastRTPS: /opt/ros/humble/include  
[1.382s] -- Using RMW implementation 'rmw_fastrtps_cpp' as default
[1.410s] -- Looking for pthread.h
[1.498s] -- Looking for pthread.h - found
[1.499s] -- Performing Test CMAKE_HAVE_LIBC_PTHREAD
[1.579s] -- Performing Test CMAKE_HAVE_LIBC_PTHREAD - Success
[1.580s] -- Found Threads: TRUE  
[1.727s] -- Found base_interfaces_demo: 0.0.0 (/media/kl/æ•°æ®/github/Github_respository/ROS-_for_Study/ws01_plumbing/install/base_interfaces_demo/share/base_interfaces_demo/cmake)
[1.733s] -- Found ament_lint_auto: 0.12.6 (/opt/ros/humble/share/ament_lint_auto/cmake)
[1.851s] -- Added test 'cppcheck' to perform static code analysis on C / C++ code
[1.851s] -- Configured cppcheck include dirs: $<BUILD_INTERFACE:/media/kl/æ•°æ®/github/Github_respository/ROS-_for_Study/ws01_plumbing/src/cpp01_topic/include>
[1.851s] -- Configured cppcheck exclude dirs and/or files: 
[1.856s] -- Added test 'lint_cmake' to check CMake code style
[1.867s] -- Added test 'uncrustify' to check C / C++ code style
[1.867s] -- Configured uncrustify additional arguments: 
[1.870s] -- Added test 'xmllint' to check XML markup files
[1.881s] -- Configuring done
[1.917s] -- Generating done
[1.925s] -- Build files have been written to: /media/kl/æ•°æ®/github/Github_respository/ROS-_for_Study/ws01_plumbing/build/cpp01_topic
[1.932s] Invoked command in '/media/kl/æ•°æ®/github/Github_respository/ROS-_for_Study/ws01_plumbing/build/cpp01_topic' returned '0': AMENT_PREFIX_PATH=/media/kl/æ•°æ®/github/Github_respository/ROS-_for_Study/ws01_plumbing/install/base_interfaces_demo:${AMENT_PREFIX_PATH} CMAKE_PREFIX_PATH=/media/kl/æ•°æ®/github/Github_respository/ROS-_for_Study/ws01_plumbing/install/base_interfaces_demo:/media/kl/æ•°æ®/github/Github_respository/ROS-_for_Study/ws00_helloworld/install/pkg01_helloworld_cpp:/media/kl/æ•°æ®/github/Github_respository/ROS-_for_Study/ws00_helloworld/install/pkg02_helloworld_py:/opt/ros/humble /usr/bin/cmake /media/kl/æ•°æ®/github/Github_respository/ROS-_for_Study/ws01_plumbing/src/cpp01_topic -DCMAKE_INSTALL_PREFIX=/media/kl/æ•°æ®/github/Github_respository/ROS-_for_Study/ws01_plumbing/install/cpp01_topic
[1.933s] Invoking command in '/media/kl/æ•°æ®/github/Github_respository/ROS-_for_Study/ws01_plumbing/build/cpp01_topic': AMENT_PREFIX_PATH=/media/kl/æ•°æ®/github/Github_respository/ROS-_for_Study/ws01_plumbing/install/base_interfaces_demo:${AMENT_PREFIX_PATH} CMAKE_PREFIX_PATH=/media/kl/æ•°æ®/github/Github_respository/ROS-_for_Study/ws01_plumbing/install/base_interfaces_demo:/media/kl/æ•°æ®/github/Github_respository/ROS-_for_Study/ws00_helloworld/install/pkg01_helloworld_cpp:/media/kl/æ•°æ®/github/Github_respository/ROS-_for_Study/ws00_helloworld/install/pkg02_helloworld_py:/opt/ros/humble /usr/bin/cmake --build /media/kl/æ•°æ®/github/Github_respository/ROS-_for_Study/ws01_plumbing/build/cpp01_topic -- -j8 -l8
[1.968s] [ 50%] [32mBuilding CXX object CMakeFiles/demo01_talker_str.dir/src/demo01_talker_str.cpp.o[0m
[3.575s] [01m[K/media/kl/æ•°æ®/github/Github_respository/ROS-_for_Study/ws01_plumbing/src/cpp01_topic/src/demo01_talker_str.cpp:4:33:[m[K [01;31m[Kerror: [m[Kexpected class-name before â€˜[01m[K{[m[Kâ€™ token
[3.575s]     4 | class Talker:public rclcpp::Ndde[01;31m[K{[m[K
[3.576s]       |                                 [01;31m[K^[m[K
[3.576s] [01m[K/media/kl/æ•°æ®/github/Github_respository/ROS-_for_Study/ws01_plumbing/src/cpp01_topic/src/demo01_talker_str.cpp:6:10:[m[K [01;31m[Kerror: [m[Kexpected â€˜[01m[K;[m[Kâ€™ at end of member declaration
[3.576s]     6 |   Talker([01;31m[K)[m[KNode("talker_node_cpp"){
[3.576s]       |          [01;31m[K^[m[K
[3.576s]       |           [32m[K;[m[K
[3.576s] [01m[K/media/kl/æ•°æ®/github/Github_respository/ROS-_for_Study/ws01_plumbing/src/cpp01_topic/src/demo01_talker_str.cpp:6:16:[m[K [01;31m[Kerror: [m[Kexpected identifier before string constant
[3.576s]     6 |   Talker()Node([01;31m[K"talker_node_cpp"[m[K){
[3.576s]       |                [01;31m[K^~~~~~~~~~~~~~~~~[m[K
[3.577s] [01m[K/media/kl/æ•°æ®/github/Github_respository/ROS-_for_Study/ws01_plumbing/src/cpp01_topic/src/demo01_talker_str.cpp:6:16:[m[K [01;31m[Kerror: [m[Kexpected â€˜[01m[K,[m[Kâ€™ or â€˜[01m[K...[m[Kâ€™ before string constant
[3.577s] [01m[K/media/kl/æ•°æ®/github/Github_respository/ROS-_for_Study/ws01_plumbing/src/cpp01_topic/src/demo01_talker_str.cpp:6:11:[m[K [01;31m[Kerror: [m[KISO C++ forbids declaration of â€˜[01m[KNode[m[Kâ€™ with no type [[01;31m[K]8;;https://gcc.gnu.org/onlinedocs/gcc/Warning-Options.html#index-fpermissive-fpermissive]8;;[m[K]
[3.577s]     6 |   Talker()[01;31m[KNode[m[K("talker_node_cpp"){
[3.577s]       |           [01;31m[K^~~~[m[K
[3.577s] In file included from [01m[K/opt/ros/humble/include/rclcpp/rclcpp/client.hpp:40[m[K,
[3.577s]                  from [01m[K/opt/ros/humble/include/rclcpp/rclcpp/callback_group.hpp:24[m[K,
[3.577s]                  from [01m[K/opt/ros/humble/include/rclcpp/rclcpp/any_executable.hpp:20[m[K,
[3.577s]                  from [01m[K/opt/ros/humble/include/rclcpp/rclcpp/memory_strategy.hpp:25[m[K,
[3.578s]                  from [01m[K/opt/ros/humble/include/rclcpp/rclcpp/memory_strategies.hpp:18[m[K,
[3.578s]                  from [01m[K/opt/ros/humble/include/rclcpp/rclcpp/executor_options.hpp:20[m[K,
[3.578s]                  from [01m[K/opt/ros/humble/include/rclcpp/rclcpp/executor.hpp:37[m[K,
[3.578s]                  from [01m[K/opt/ros/humble/include/rclcpp/rclcpp/executors/multi_threaded_executor.hpp:25[m[K,
[3.578s]                  from [01m[K/opt/ros/humble/include/rclcpp/rclcpp/executors.hpp:21[m[K,
[3.578s]                  from [01m[K/opt/ros/humble/include/rclcpp/rclcpp/rclcpp.hpp:155[m[K,
[3.578s]                  from [01m[K/media/kl/æ•°æ®/github/Github_respository/ROS-_for_Study/ws01_plumbing/src/cpp01_topic/src/demo01_talker_str.cpp:1[m[K:
[3.578s] [01m[K/media/kl/æ•°æ®/github/Github_respository/ROS-_for_Study/ws01_plumbing/src/cpp01_topic/src/demo01_talker_str.cpp:[m[K In member function â€˜[01m[Kint Talker::Node(int)[m[Kâ€™:
[3.578s] [01m[K/media/kl/æ•°æ®/github/Github_respository/ROS-_for_Study/ws01_plumbing/src/cpp01_topic/src/demo01_talker_str.cpp:7:23:[m[K [01;31m[Kerror: [m[Kâ€˜[01m[Kclass Talker[m[Kâ€™ has no member named â€˜[01m[Kget_logger[m[Kâ€™
[3.579s]     7 |     RCLCPP_INFO(this->[01;31m[Kget_logger[m[K(),"å‘é€èŠ‚ç‚¹åˆ›å»ºï¼");
[3.579s]       |                       [01;31m[K^~~~~~~~~~[m[K
[3.579s] [01m[K/media/kl/æ•°æ®/github/Github_respository/ROS-_for_Study/ws01_plumbing/src/cpp01_topic/src/demo01_talker_str.cpp:7:23:[m[K [01;31m[Kerror: [m[Kâ€˜[01m[Kclass Talker[m[Kâ€™ has no member named â€˜[01m[Kget_logger[m[Kâ€™
[3.579s] [01m[K/media/kl/æ•°æ®/github/Github_respository/ROS-_for_Study/ws01_plumbing/src/cpp01_topic/src/demo01_talker_str.cpp:7:5:[m[K [01;31m[Kerror: [m[Ktemplate argument 1 is invalid
[3.579s]     7 |     [01;31m[KRCLCPP_INFO[m[K(this->get_logger(),"å‘é€èŠ‚ç‚¹åˆ›å»ºï¼");
[3.579s]       |     [01;31m[K^~~~~~~~~~~[m[K
[3.580s] [01m[K/media/kl/æ•°æ®/github/Github_respository/ROS-_for_Study/ws01_plumbing/src/cpp01_topic/src/demo01_talker_str.cpp:7:5:[m[K [01;31m[Kerror: [m[Kâ€˜[01m[K<declaration error>[m[Kâ€™ is not a template [[01;31m[K]8;;https://gcc.gnu.org/onlinedocs/gcc/Warning-Options.html#index-fpermissive-fpermissive]8;;[m[K]
[3.580s]     7 |     [01;31m[KRCLCPP_INFO[m[K(this->get_logger(),"å‘é€èŠ‚ç‚¹åˆ›å»ºï¼");
[3.580s]       |     [01;31m[K^~~~~~~~~~~[m[K
[3.580s] [01m[K/media/kl/æ•°æ®/github/Github_respository/ROS-_for_Study/ws01_plumbing/src/cpp01_topic/src/demo01_talker_str.cpp:7:5:[m[K [01;31m[Kerror: [m[Ktemplate argument 1 is invalid
[3.580s]     7 |     [01;31m[KRCLCPP_INFO[m[K(this->get_logger(),"å‘é€èŠ‚ç‚¹åˆ›å»ºï¼");
[3.580s]       |     [01;31m[K^~~~~~~~~~~[m[K
[3.580s] [01m[K/media/kl/æ•°æ®/github/Github_respository/ROS-_for_Study/ws01_plumbing/src/cpp01_topic/src/demo01_talker_str.cpp:7:5:[m[K [01;31m[Kerror: [m[Kâ€˜[01m[K<declaration error>[m[Kâ€™ is not a template [[01;31m[K]8;;https://gcc.gnu.org/onlinedocs/gcc/Warning-Options.html#index-fpermissive-fpermissive]8;;[m[K]
[3.581s]     7 |     [01;31m[KRCLCPP_INFO[m[K(this->get_logger(),"å‘é€èŠ‚ç‚¹åˆ›å»ºï¼");
[3.581s]       |     [01;31m[K^~~~~~~~~~~[m[K
[3.581s] [01m[K/media/kl/æ•°æ®/github/Github_respository/ROS-_for_Study/ws01_plumbing/src/cpp01_topic/src/demo01_talker_str.cpp:7:5:[m[K [01;31m[Kerror: [m[Ktemplate argument 1 is invalid
[3.581s]     7 |     [01;31m[KRCLCPP_INFO[m[K(this->get_logger(),"å‘é€èŠ‚ç‚¹åˆ›å»ºï¼");
[3.581s]       |     [01;31m[K^~~~~~~~~~~[m[K
[3.581s] In file included from [01m[K/opt/ros/humble/include/rclcpp/rclcpp/logging.hpp:24[m[K,
[3.581s]                  from [01m[K/opt/ros/humble/include/rclcpp/rclcpp/client.hpp:40[m[K,
[3.581s]                  from [01m[K/opt/ros/humble/include/rclcpp/rclcpp/callback_group.hpp:24[m[K,
[3.582s]                  from [01m[K/opt/ros/humble/include/rclcpp/rclcpp/any_executable.hpp:20[m[K,
[3.582s]                  from [01m[K/opt/ros/humble/include/rclcpp/rclcpp/memory_strategy.hpp:25[m[K,
[3.582s]                  from [01m[K/opt/ros/humble/include/rclcpp/rclcpp/memory_strategies.hpp:18[m[K,
[3.582s]                  from [01m[K/opt/ros/humble/include/rclcpp/rclcpp/executor_options.hpp:20[m[K,
[3.582s]                  from [01m[K/opt/ros/humble/include/rclcpp/rclcpp/executor.hpp:37[m[K,
[3.582s]                  from [01m[K/opt/ros/humble/include/rclcpp/rclcpp/executors/multi_threaded_executor.hpp:25[m[K,
[3.582s]                  from [01m[K/opt/ros/humble/include/rclcpp/rclcpp/executors.hpp:21[m[K,
[3.582s]                  from [01m[K/opt/ros/humble/include/rclcpp/rclcpp/rclcpp.hpp:155[m[K,
[3.582s]                  from [01m[K/media/kl/æ•°æ®/github/Github_respository/ROS-_for_Study/ws01_plumbing/src/cpp01_topic/src/demo01_talker_str.cpp:1[m[K:
[3.582s] [01m[K/media/kl/æ•°æ®/github/Github_respository/ROS-_for_Study/ws01_plumbing/src/cpp01_topic/src/demo01_talker_str.cpp:7:23:[m[K [01;31m[Kerror: [m[Kâ€˜[01m[Kclass Talker[m[Kâ€™ has no member named â€˜[01m[Kget_logger[m[Kâ€™
[3.583s]     7 |     RCLCPP_INFO(this->[01;31m[Kget_logger[m[K(),"å‘é€èŠ‚ç‚¹åˆ›å»ºï¼");
[3.583s]       |                       [01;31m[K^~~~~~~~~~[m[K
[3.583s] [01m[K/media/kl/æ•°æ®/github/Github_respository/ROS-_for_Study/ws01_plumbing/src/cpp01_topic/src/demo01_talker_str.cpp:7:23:[m[K [01;31m[Kerror: [m[Kâ€˜[01m[Kclass Talker[m[Kâ€™ has no member named â€˜[01m[Kget_logger[m[Kâ€™
[3.583s]     7 |     RCLCPP_INFO(this->[01;31m[Kget_logger[m[K(),"å‘é€èŠ‚ç‚¹åˆ›å»ºï¼");
[3.583s]       |                       [01;31m[K^~~~~~~~~~[m[K
[3.583s] [01m[K/media/kl/æ•°æ®/github/Github_respository/ROS-_for_Study/ws01_plumbing/src/cpp01_topic/src/demo01_talker_str.cpp:8:3:[m[K [01;35m[Kwarning: [m[Kno return statement in function returning non-void [[01;35m[K]8;;https://gcc.gnu.org/onlinedocs/gcc/Warning-Options.html#index-Wreturn-type-Wreturn-type]8;;[m[K]
[3.583s]     8 |   [01;35m[K}[m[K
[3.583s]       |   [01;35m[K^[m[K
[3.583s] [01m[K/media/kl/æ•°æ®/github/Github_respository/ROS-_for_Study/ws01_plumbing/src/cpp01_topic/src/demo01_talker_str.cpp:[m[K In function â€˜[01m[Kint main(int, char**)[m[Kâ€™:
[3.584s] [01m[K/media/kl/æ•°æ®/github/Github_respository/ROS-_for_Study/ws01_plumbing/src/cpp01_topic/src/demo01_talker_str.cpp:17:15:[m[K [01;31m[Kerror: [m[Kno matching function for call to â€˜[01m[Kspin(std::shared_ptr<Talker>)[m[Kâ€™
[3.584s]    17 |   [01;31m[Krclcpp::spin(std::make_shared<Talker>())[m[K;
[3.584s]       |   [01;31m[K~~~~~~~~~~~~^~~~~~~~~~~~~~~~~~~~~~~~~~~~[m[K
[3.584s] In file included from [01m[K/opt/ros/humble/include/rclcpp/rclcpp/rclcpp.hpp:155[m[K,
[3.584s]                  from [01m[K/media/kl/æ•°æ®/github/Github_respository/ROS-_for_Study/ws01_plumbing/src/cpp01_topic/src/demo01_talker_str.cpp:1[m[K:
[3.584s] [01m[K/opt/ros/humble/include/rclcpp/rclcpp/executors.hpp:45:1:[m[K [01;36m[Knote: [m[Kcandidate: â€˜[01m[Kvoid rclcpp::spin(rclcpp::node_interfaces::NodeBaseInterface::SharedPtr)[m[Kâ€™
[3.584s]    45 | [01;36m[Kspin[m[K(rclcpp::node_interfaces::NodeBaseInterface::SharedPtr node_ptr);
[3.584s]       | [01;36m[K^~~~[m[K
[3.584s] [01m[K/opt/ros/humble/include/rclcpp/rclcpp/executors.hpp:45:60:[m[K [01;36m[Knote: [m[K  no known conversion for argument 1 from â€˜[01m[Kshared_ptr<[01;32m[KTalker[m[K>[m[Kâ€™ to â€˜[01m[Kshared_ptr<[01;32m[Krclcpp::node_interfaces::NodeBaseInterface[m[K>[m[Kâ€™
[3.584s]    45 | spin([01;36m[Krclcpp::node_interfaces::NodeBaseInterface::SharedPtr node_ptr[m[K);
[3.584s]       |      [01;36m[K~~~~~~~~~~~~~~~~~~~~~~~~~~~~~~~~~~~~~~~~~~~~~~~~~~~~~~^~~~~~~~[m[K
[3.585s] [01m[K/opt/ros/humble/include/rclcpp/rclcpp/executors.hpp:49:1:[m[K [01;36m[Knote: [m[Kcandidate: â€˜[01m[Kvoid rclcpp::spin(rclcpp::Node::SharedPtr)[m[Kâ€™
[3.585s]    49 | [01;36m[Kspin[m[K(rclcpp::Node::SharedPtr node_ptr);
[3.585s]       | [01;36m[K^~~~[m[K
[3.585s] [01m[K/opt/ros/humble/include/rclcpp/rclcpp/executors.hpp:49:30:[m[K [01;36m[Knote: [m[K  no known conversion for argument 1 from â€˜[01m[Kshared_ptr<[01;32m[KTalker[m[K>[m[Kâ€™ to â€˜[01m[Kshared_ptr<[01;32m[Krclcpp::Node[m[K>[m[Kâ€™
[3.585s]    49 | spin([01;36m[Krclcpp::Node::SharedPtr node_ptr[m[K);
[3.585s]       |      [01;36m[K~~~~~~~~~~~~~~~~~~~~~~~~^~~~~~~~[m[K
[3.871s] gmake[2]: *** [CMakeFiles/demo01_talker_str.dir/build.make:76ï¼šCMakeFiles/demo01_talker_str.dir/src/demo01_talker_str.cpp.o] é”™è¯¯ 1
[3.871s] gmake[1]: *** [CMakeFiles/Makefile2:137ï¼šCMakeFiles/demo01_talker_str.dir/all] é”™è¯¯ 2
[3.871s] gmake: *** [Makefile:146ï¼šall] é”™è¯¯ 2
[3.873s] Invoked command in '/media/kl/æ•°æ®/github/Github_respository/ROS-_for_Study/ws01_plumbing/build/cpp01_topic' returned '2': AMENT_PREFIX_PATH=/media/kl/æ•°æ®/github/Github_respository/ROS-_for_Study/ws01_plumbing/install/base_interfaces_demo:${AMENT_PREFIX_PATH} CMAKE_PREFIX_PATH=/media/kl/æ•°æ®/github/Github_respository/ROS-_for_Study/ws01_plumbing/install/base_interfaces_demo:/media/kl/æ•°æ®/github/Github_respository/ROS-_for_Study/ws00_helloworld/install/pkg01_helloworld_cpp:/media/kl/æ•°æ®/github/Github_respository/ROS-_for_Study/ws00_helloworld/install/pkg02_helloworld_py:/opt/ros/humble /usr/bin/cmake --build /media/kl/æ•°æ®/github/Github_respository/ROS-_for_Study/ws01_plumbing/build/cpp01_topic -- -j8 -l8
