[0.025s] Invoking command in '/media/kl/æ•°æ®/github/Github_respository/ROS-_for_Study/ws01_plumbing/build/cpp01_topic': AMENT_PREFIX_PATH=/media/kl/æ•°æ®/github/Github_respository/ROS-_for_Study/ws01_plumbing/install/base_interfaces_demo:${AMENT_PREFIX_PATH} CMAKE_PREFIX_PATH=/media/kl/æ•°æ®/github/Github_respository/ROS-_for_Study/ws01_plumbing/install/base_interfaces_demo:/media/kl/æ•°æ®/github/Github_respository/ROS-_for_Study/ws00_helloworld/install/pkg01_helloworld_cpp:/media/kl/æ•°æ®/github/Github_respository/ROS-_for_Study/ws00_helloworld/install/pkg02_helloworld_py:/opt/ros/humble /usr/bin/cmake --build /media/kl/æ•°æ®/github/Github_respository/ROS-_for_Study/ws01_plumbing/build/cpp01_topic -- -j8 -l8
[0.056s] [35m[1mConsolidate compiler generated dependencies of target demo01_talker_str[0m
[0.104s] [ 50%] [32mBuilding CXX object CMakeFiles/demo01_talker_str.dir/src/demo01_talker_str.cpp.o[0m
[1.746s] [01m[K/media/kl/æ•°æ®/github/Github_respository/ROS-_for_Study/ws01_plumbing/src/cpp01_topic/src/demo01_talker_str.cpp:4:33:[m[K [01;31m[Kerror: [m[Kexpected class-name before â€˜[01m[K{[m[Kâ€™ token
[1.747s]     4 | class Talker:public rclcpp::Ndde[01;31m[K{[m[K
[1.747s]       |                                 [01;31m[K^[m[K
[1.747s] [01m[K/media/kl/æ•°æ®/github/Github_respository/ROS-_for_Study/ws01_plumbing/src/cpp01_topic/src/demo01_talker_str.cpp:[m[K In constructor â€˜[01m[KTalker::Talker()[m[Kâ€™:
[1.747s] [01m[K/media/kl/æ•°æ®/github/Github_respository/ROS-_for_Study/ws01_plumbing/src/cpp01_topic/src/demo01_talker_str.cpp:6:12:[m[K [01;31m[Kerror: [m[Kclass â€˜[01m[KTalker[m[Kâ€™ does not have any field named â€˜[01m[KNode[m[Kâ€™
[1.748s]     6 |   Talker():[01;31m[KNode[m[K("talker_node_cpp"){
[1.748s]       |            [01;31m[K^~~~[m[K
[1.748s] In file included from [01m[K/opt/ros/humble/include/rclcpp/rclcpp/client.hpp:40[m[K,
[1.748s]                  from [01m[K/opt/ros/humble/include/rclcpp/rclcpp/callback_group.hpp:24[m[K,
[1.748s]                  from [01m[K/opt/ros/humble/include/rclcpp/rclcpp/any_executable.hpp:20[m[K,
[1.748s]                  from [01m[K/opt/ros/humble/include/rclcpp/rclcpp/memory_strategy.hpp:25[m[K,
[1.748s]                  from [01m[K/opt/ros/humble/include/rclcpp/rclcpp/memory_strategies.hpp:18[m[K,
[1.749s]                  from [01m[K/opt/ros/humble/include/rclcpp/rclcpp/executor_options.hpp:20[m[K,
[1.749s]                  from [01m[K/opt/ros/humble/include/rclcpp/rclcpp/executor.hpp:37[m[K,
[1.749s]                  from [01m[K/opt/ros/humble/include/rclcpp/rclcpp/executors/multi_threaded_executor.hpp:25[m[K,
[1.749s]                  from [01m[K/opt/ros/humble/include/rclcpp/rclcpp/executors.hpp:21[m[K,
[1.749s]                  from [01m[K/opt/ros/humble/include/rclcpp/rclcpp/rclcpp.hpp:155[m[K,
[1.749s]                  from [01m[K/media/kl/æ•°æ®/github/Github_respository/ROS-_for_Study/ws01_plumbing/src/cpp01_topic/src/demo01_talker_str.cpp:1[m[K:
[1.750s] [01m[K/media/kl/æ•°æ®/github/Github_respository/ROS-_for_Study/ws01_plumbing/src/cpp01_topic/src/demo01_talker_str.cpp:7:23:[m[K [01;31m[Kerror: [m[Kâ€˜[01m[Kclass Talker[m[Kâ€™ has no member named â€˜[01m[Kget_logger[m[Kâ€™
[1.750s]     7 |     RCLCPP_INFO(this->[01;31m[Kget_logger[m[K(),"å‘é€èŠ‚ç‚¹åˆ›å»ºï¼");
[1.750s]       |                       [01;31m[K^~~~~~~~~~[m[K
[1.750s] [01m[K/media/kl/æ•°æ®/github/Github_respository/ROS-_for_Study/ws01_plumbing/src/cpp01_topic/src/demo01_talker_str.cpp:7:23:[m[K [01;31m[Kerror: [m[Kâ€˜[01m[Kclass Talker[m[Kâ€™ has no member named â€˜[01m[Kget_logger[m[Kâ€™
[1.750s] [01m[K/media/kl/æ•°æ®/github/Github_respository/ROS-_for_Study/ws01_plumbing/src/cpp01_topic/src/demo01_talker_str.cpp:7:5:[m[K [01;31m[Kerror: [m[Ktemplate argument 1 is invalid
[1.750s]     7 |     [01;31m[KRCLCPP_INFO[m[K(this->get_logger(),"å‘é€èŠ‚ç‚¹åˆ›å»ºï¼");
[1.751s]       |     [01;31m[K^~~~~~~~~~~[m[K
[1.751s] [01m[K/media/kl/æ•°æ®/github/Github_respository/ROS-_for_Study/ws01_plumbing/src/cpp01_topic/src/demo01_talker_str.cpp:7:5:[m[K [01;31m[Kerror: [m[Kâ€˜[01m[K<declaration error>[m[Kâ€™ is not a template [[01;31m[K]8;;https://gcc.gnu.org/onlinedocs/gcc/Warning-Options.html#index-fpermissive-fpermissive]8;;[m[K]
[1.751s]     7 |     [01;31m[KRCLCPP_INFO[m[K(this->get_logger(),"å‘é€èŠ‚ç‚¹åˆ›å»ºï¼");
[1.751s]       |     [01;31m[K^~~~~~~~~~~[m[K
[1.751s] [01m[K/media/kl/æ•°æ®/github/Github_respository/ROS-_for_Study/ws01_plumbing/src/cpp01_topic/src/demo01_talker_str.cpp:7:5:[m[K [01;31m[Kerror: [m[Ktemplate argument 1 is invalid
[1.751s]     7 |     [01;31m[KRCLCPP_INFO[m[K(this->get_logger(),"å‘é€èŠ‚ç‚¹åˆ›å»ºï¼");
[1.752s]       |     [01;31m[K^~~~~~~~~~~[m[K
[1.752s] [01m[K/media/kl/æ•°æ®/github/Github_respository/ROS-_for_Study/ws01_plumbing/src/cpp01_topic/src/demo01_talker_str.cpp:7:5:[m[K [01;31m[Kerror: [m[Kâ€˜[01m[K<declaration error>[m[Kâ€™ is not a template [[01;31m[K]8;;https://gcc.gnu.org/onlinedocs/gcc/Warning-Options.html#index-fpermissive-fpermissive]8;;[m[K]
[1.752s]     7 |     [01;31m[KRCLCPP_INFO[m[K(this->get_logger(),"å‘é€èŠ‚ç‚¹åˆ›å»ºï¼");
[1.752s]       |     [01;31m[K^~~~~~~~~~~[m[K
[1.752s] [01m[K/media/kl/æ•°æ®/github/Github_respository/ROS-_for_Study/ws01_plumbing/src/cpp01_topic/src/demo01_talker_str.cpp:7:5:[m[K [01;31m[Kerror: [m[Ktemplate argument 1 is invalid
[1.752s]     7 |     [01;31m[KRCLCPP_INFO[m[K(this->get_logger(),"å‘é€èŠ‚ç‚¹åˆ›å»ºï¼");
[1.753s]       |     [01;31m[K^~~~~~~~~~~[m[K
[1.753s] In file included from [01m[K/opt/ros/humble/include/rclcpp/rclcpp/logging.hpp:24[m[K,
[1.753s]                  from [01m[K/opt/ros/humble/include/rclcpp/rclcpp/client.hpp:40[m[K,
[1.753s]                  from [01m[K/opt/ros/humble/include/rclcpp/rclcpp/callback_group.hpp:24[m[K,
[1.753s]                  from [01m[K/opt/ros/humble/include/rclcpp/rclcpp/any_executable.hpp:20[m[K,
[1.753s]                  from [01m[K/opt/ros/humble/include/rclcpp/rclcpp/memory_strategy.hpp:25[m[K,
[1.753s]                  from [01m[K/opt/ros/humble/include/rclcpp/rclcpp/memory_strategies.hpp:18[m[K,
[1.753s]                  from [01m[K/opt/ros/humble/include/rclcpp/rclcpp/executor_options.hpp:20[m[K,
[1.754s]                  from [01m[K/opt/ros/humble/include/rclcpp/rclcpp/executor.hpp:37[m[K,
[1.754s]                  from [01m[K/opt/ros/humble/include/rclcpp/rclcpp/executors/multi_threaded_executor.hpp:25[m[K,
[1.754s]                  from [01m[K/opt/ros/humble/include/rclcpp/rclcpp/executors.hpp:21[m[K,
[1.754s]                  from [01m[K/opt/ros/humble/include/rclcpp/rclcpp/rclcpp.hpp:155[m[K,
[1.754s]                  from [01m[K/media/kl/æ•°æ®/github/Github_respository/ROS-_for_Study/ws01_plumbing/src/cpp01_topic/src/demo01_talker_str.cpp:1[m[K:
[1.754s] [01m[K/media/kl/æ•°æ®/github/Github_respository/ROS-_for_Study/ws01_plumbing/src/cpp01_topic/src/demo01_talker_str.cpp:7:23:[m[K [01;31m[Kerror: [m[Kâ€˜[01m[Kclass Talker[m[Kâ€™ has no member named â€˜[01m[Kget_logger[m[Kâ€™
[1.754s]     7 |     RCLCPP_INFO(this->[01;31m[Kget_logger[m[K(),"å‘é€èŠ‚ç‚¹åˆ›å»ºï¼");
[1.755s]       |                       [01;31m[K^~~~~~~~~~[m[K
[1.755s] [01m[K/media/kl/æ•°æ®/github/Github_respository/ROS-_for_Study/ws01_plumbing/src/cpp01_topic/src/demo01_talker_str.cpp:7:23:[m[K [01;31m[Kerror: [m[Kâ€˜[01m[Kclass Talker[m[Kâ€™ has no member named â€˜[01m[Kget_logger[m[Kâ€™
[1.755s]     7 |     RCLCPP_INFO(this->[01;31m[Kget_logger[m[K(),"å‘é€èŠ‚ç‚¹åˆ›å»ºï¼");
[1.755s]       |                       [01;31m[K^~~~~~~~~~[m[K
[1.755s] [01m[K/media/kl/æ•°æ®/github/Github_respository/ROS-_for_Study/ws01_plumbing/src/cpp01_topic/src/demo01_talker_str.cpp:[m[K In function â€˜[01m[Kint main(int, char**)[m[Kâ€™:
[1.755s] [01m[K/media/kl/æ•°æ®/github/Github_respository/ROS-_for_Study/ws01_plumbing/src/cpp01_topic/src/demo01_talker_str.cpp:17:15:[m[K [01;31m[Kerror: [m[Kno matching function for call to â€˜[01m[Kspin(std::shared_ptr<Talker>)[m[Kâ€™
[1.755s]    17 |   [01;31m[Krclcpp::spin(std::make_shared<Talker>())[m[K;
[1.756s]       |   [01;31m[K~~~~~~~~~~~~^~~~~~~~~~~~~~~~~~~~~~~~~~~~[m[K
[1.756s] In file included from [01m[K/opt/ros/humble/include/rclcpp/rclcpp/rclcpp.hpp:155[m[K,
[1.756s]                  from [01m[K/media/kl/æ•°æ®/github/Github_respository/ROS-_for_Study/ws01_plumbing/src/cpp01_topic/src/demo01_talker_str.cpp:1[m[K:
[1.756s] [01m[K/opt/ros/humble/include/rclcpp/rclcpp/executors.hpp:45:1:[m[K [01;36m[Knote: [m[Kcandidate: â€˜[01m[Kvoid rclcpp::spin(rclcpp::node_interfaces::NodeBaseInterface::SharedPtr)[m[Kâ€™
[1.756s]    45 | [01;36m[Kspin[m[K(rclcpp::node_interfaces::NodeBaseInterface::SharedPtr node_ptr);
[1.756s]       | [01;36m[K^~~~[m[K
[1.756s] [01m[K/opt/ros/humble/include/rclcpp/rclcpp/executors.hpp:45:60:[m[K [01;36m[Knote: [m[K  no known conversion for argument 1 from â€˜[01m[Kshared_ptr<[01;32m[KTalker[m[K>[m[Kâ€™ to â€˜[01m[Kshared_ptr<[01;32m[Krclcpp::node_interfaces::NodeBaseInterface[m[K>[m[Kâ€™
[1.756s]    45 | spin([01;36m[Krclcpp::node_interfaces::NodeBaseInterface::SharedPtr node_ptr[m[K);
[1.757s]       |      [01;36m[K~~~~~~~~~~~~~~~~~~~~~~~~~~~~~~~~~~~~~~~~~~~~~~~~~~~~~~^~~~~~~~[m[K
[1.757s] [01m[K/opt/ros/humble/include/rclcpp/rclcpp/executors.hpp:49:1:[m[K [01;36m[Knote: [m[Kcandidate: â€˜[01m[Kvoid rclcpp::spin(rclcpp::Node::SharedPtr)[m[Kâ€™
[1.757s]    49 | [01;36m[Kspin[m[K(rclcpp::Node::SharedPtr node_ptr);
[1.757s]       | [01;36m[K^~~~[m[K
[1.757s] [01m[K/opt/ros/humble/include/rclcpp/rclcpp/executors.hpp:49:30:[m[K [01;36m[Knote: [m[K  no known conversion for argument 1 from â€˜[01m[Kshared_ptr<[01;32m[KTalker[m[K>[m[Kâ€™ to â€˜[01m[Kshared_ptr<[01;32m[Krclcpp::Node[m[K>[m[Kâ€™
[1.757s]    49 | spin([01;36m[Krclcpp::Node::SharedPtr node_ptr[m[K);
[1.757s]       |      [01;36m[K~~~~~~~~~~~~~~~~~~~~~~~~^~~~~~~~[m[K
[2.037s] gmake[2]: *** [CMakeFiles/demo01_talker_str.dir/build.make:76ï¼šCMakeFiles/demo01_talker_str.dir/src/demo01_talker_str.cpp.o] é”™è¯¯ 1
[2.037s] gmake[1]: *** [CMakeFiles/Makefile2:137ï¼šCMakeFiles/demo01_talker_str.dir/all] é”™è¯¯ 2
[2.037s] gmake: *** [Makefile:146ï¼šall] é”™è¯¯ 2
[2.039s] Invoked command in '/media/kl/æ•°æ®/github/Github_respository/ROS-_for_Study/ws01_plumbing/build/cpp01_topic' returned '2': AMENT_PREFIX_PATH=/media/kl/æ•°æ®/github/Github_respository/ROS-_for_Study/ws01_plumbing/install/base_interfaces_demo:${AMENT_PREFIX_PATH} CMAKE_PREFIX_PATH=/media/kl/æ•°æ®/github/Github_respository/ROS-_for_Study/ws01_plumbing/install/base_interfaces_demo:/media/kl/æ•°æ®/github/Github_respository/ROS-_for_Study/ws00_helloworld/install/pkg01_helloworld_cpp:/media/kl/æ•°æ®/github/Github_respository/ROS-_for_Study/ws00_helloworld/install/pkg02_helloworld_py:/opt/ros/humble /usr/bin/cmake --build /media/kl/æ•°æ®/github/Github_respository/ROS-_for_Study/ws01_plumbing/build/cpp01_topic -- -j8 -l8
