[35m[1mConsolidate compiler generated dependencies of target demo02_listener_str[0m
[ 50%] Built target demo01_talker_str
[ 75%] [32mBuilding CXX object CMakeFiles/demo02_listener_str.dir/src/demo02_listener_str.cpp.o[0m
[01m[K/media/kl/数据/github/Github_respository/ROS-_for_Study/ws01_plumbing/src/cpp01_topic/src/demo02_listener_str.cpp:6:14:[m[K [01;31m[Kerror: [m[Kexpected ‘[01m[K;[m[K’ at end of member declaration
    6 |     Listener([01;31m[K)[m[KNode("Listener_node_cpp"){
      |              [01;31m[K^[m[K
      |               [32m[K;[m[K
[01m[K/media/kl/数据/github/Github_respository/ROS-_for_Study/ws01_plumbing/src/cpp01_topic/src/demo02_listener_str.cpp:6:20:[m[K [01;31m[Kerror: [m[Kexpected unqualified-id before string constant
    6 |     Listener()Node([01;31m[K"Listener_node_cpp"[m[K){
      |                    [01;31m[K^~~~~~~~~~~~~~~~~~~[m[K
[01m[K/media/kl/数据/github/Github_respository/ROS-_for_Study/ws01_plumbing/src/cpp01_topic/src/demo02_listener_str.cpp:6:20:[m[K [01;31m[Kerror: [m[Kexpected ‘[01m[K)[m[K’ before string constant
    6 |     Listener()Node[34m[K([m[K[01;31m[K"[m[K[32m[KListener_node_cpp"[m[K){
      |                   [34m[K~[m[K[01;31m[K^[m[K[32m[K~~~~~~~~~~~~~~~~~~[m[K
      |                    [32m[K)[m[K
gmake[2]: *** [CMakeFiles/demo02_listener_str.dir/build.make:76：CMakeFiles/demo02_listener_str.dir/src/demo02_listener_str.cpp.o] 错误 1
gmake[1]: *** [CMakeFiles/Makefile2:165：CMakeFiles/demo02_listener_str.dir/all] 错误 2
gmake: *** [Makefile:146：all] 错误 2
