[0.022s] Invoking command in '/media/kl/æ•°æ®/github/Github_respository/ROS-_for_Study/ws01_plumbing/build/cpp01_topic': CMAKE_PREFIX_PATH=/media/kl/æ•°æ®/github/Github_respository/ROS-_for_Study/ws01_plumbing/install/base_interfaces_demo:/media/kl/æ•°æ®/github/Github_respository/ROS-_for_Study/ws01_plumbing/install/cpp01_topic:/media/kl/æ•°æ®/github/Github_respository/ROS-_for_Study/ws00_helloworld/install/pkg01_helloworld_cpp:/media/kl/æ•°æ®/github/Github_respository/ROS-_for_Study/ws01_plumbing/install/py01_topic:/media/kl/æ•°æ®/github/Github_respository/ROS-_for_Study/ws00_helloworld/install/pkg02_helloworld_py:/opt/ros/humble /usr/bin/cmake --build /media/kl/æ•°æ®/github/Github_respository/ROS-_for_Study/ws01_plumbing/build/cpp01_topic -- -j8 -l8
[0.057s] [35m[1mConsolidate compiler generated dependencies of target demo02_listener_str[0m
[0.067s] [ 50%] Built target demo01_talker_str
[0.106s] [ 75%] [32mBuilding CXX object CMakeFiles/demo02_listener_str.dir/src/demo02_listener_str.cpp.o[0m
[1.726s] [01m[K/media/kl/æ•°æ®/github/Github_respository/ROS-_for_Study/ws01_plumbing/src/cpp01_topic/src/demo02_listener_str.cpp:6:14:[m[K [01;31m[Kerror: [m[Kexpected â€˜[01m[K;[m[Kâ€™ at end of member declaration
[1.726s]     6 |     Listener([01;31m[K)[m[KNode("Listener_node_cpp"){
[1.726s]       |              [01;31m[K^[m[K
[1.726s]       |               [32m[K;[m[K
[1.727s] [01m[K/media/kl/æ•°æ®/github/Github_respository/ROS-_for_Study/ws01_plumbing/src/cpp01_topic/src/demo02_listener_str.cpp:6:20:[m[K [01;31m[Kerror: [m[Kexpected unqualified-id before string constant
[1.727s]     6 |     Listener()Node([01;31m[K"Listener_node_cpp"[m[K){
[1.727s]       |                    [01;31m[K^~~~~~~~~~~~~~~~~~~[m[K
[1.727s] [01m[K/media/kl/æ•°æ®/github/Github_respository/ROS-_for_Study/ws01_plumbing/src/cpp01_topic/src/demo02_listener_str.cpp:6:20:[m[K [01;31m[Kerror: [m[Kexpected â€˜[01m[K)[m[Kâ€™ before string constant
[1.727s]     6 |     Listener()Node[34m[K([m[K[01;31m[K"[m[K[32m[KListener_node_cpp"[m[K){
[1.727s]       |                   [34m[K~[m[K[01;31m[K^[m[K[32m[K~~~~~~~~~~~~~~~~~~[m[K
[1.727s]       |                    [32m[K)[m[K
[1.730s] [01m[K/media/kl/æ•°æ®/github/Github_respository/ROS-_for_Study/ws01_plumbing/src/cpp01_topic/src/demo02_listener_str.cpp:[m[K In function â€˜[01m[Kint main(int, char**)[m[Kâ€™:
[1.730s] [01m[K/media/kl/æ•°æ®/github/Github_respository/ROS-_for_Study/ws01_plumbing/src/cpp01_topic/src/demo02_listener_str.cpp:19:5:[m[K [01;31m[Kerror: [m[Kâ€˜[01m[Krcllcpp[m[Kâ€™ has not been declared
[1.730s]    19 |     [01;31m[Krcllcpp[m[K::shutdown();
[1.730s]       |     [01;31m[K^~~~~~~[m[K
[2.046s] gmake[2]: *** [CMakeFiles/demo02_listener_str.dir/build.make:76ï¼šCMakeFiles/demo02_listener_str.dir/src/demo02_listener_str.cpp.o] é”™è¯¯ 1
[2.046s] gmake[1]: *** [CMakeFiles/Makefile2:165ï¼šCMakeFiles/demo02_listener_str.dir/all] é”™è¯¯ 2
[2.047s] gmake: *** [Makefile:146ï¼šall] é”™è¯¯ 2
[2.049s] Invoked command in '/media/kl/æ•°æ®/github/Github_respository/ROS-_for_Study/ws01_plumbing/build/cpp01_topic' returned '2': CMAKE_PREFIX_PATH=/media/kl/æ•°æ®/github/Github_respository/ROS-_for_Study/ws01_plumbing/install/base_interfaces_demo:/media/kl/æ•°æ®/github/Github_respository/ROS-_for_Study/ws01_plumbing/install/cpp01_topic:/media/kl/æ•°æ®/github/Github_respository/ROS-_for_Study/ws00_helloworld/install/pkg01_helloworld_cpp:/media/kl/æ•°æ®/github/Github_respository/ROS-_for_Study/ws01_plumbing/install/py01_topic:/media/kl/æ•°æ®/github/Github_respository/ROS-_for_Study/ws00_helloworld/install/pkg02_helloworld_py:/opt/ros/humble /usr/bin/cmake --build /media/kl/æ•°æ®/github/Github_respository/ROS-_for_Study/ws01_plumbing/build/cpp01_topic -- -j8 -l8
