[0.019s] Invoking command in '/home/kl/VS_CODE/Github_respository/ROS-_for_Study/ws01_plumbing/build/cpp01_topic_re': CMAKE_PREFIX_PATH=${CMAKE_PREFIX_PATH}:/home/kl/VS_CODE/Github_respository/ROS-_for_Study/ws01_plumbing/install/py01_topic_re:/opt/ros/humble /usr/bin/cmake --build /home/kl/VS_CODE/Github_respository/ROS-_for_Study/ws01_plumbing/build/cpp01_topic_re -- -j8 -l8
[0.060s] [ 12%] [32mBuilding CXX object CMakeFiles/demo03_talker_stu.dir/src/demo03_talker_stu.cpp.o[0m
[0.064s] [ 37%] Built target demo04_listener_stu
[0.064s] [ 62%] Built target demo01_talker_str
[0.065s] [ 87%] Built target demo02_listener_str
[0.227s] [01m[K/home/kl/VS_CODE/Github_respository/ROS-_for_Study/ws01_plumbing/src/cpp01_topic_re/src/demo03_talker_stu.cpp:2:10:[m[K [01;31m[Kfatal error: [m[Kbase_interfaces/include/base_interfaces/base_interfaces/msg/student.hpp: æ²¡æœ‰é‚£ä¸ªæ–‡ä»¶æˆ–ç›®å½•
[0.227s]     2 | #include [01;31m[K"base_interfaces/include/base_interfaces/base_interfaces/msg/student.hpp"[m[K
[0.227s]       |          [01;31m[K^~~~~~~~~~~~~~~~~~~~~~~~~~~~~~~~~~~~~~~~~~~~~~~~~~~~~~~~~~~~~~~~~~~~~~~~~[m[K
[0.227s] compilation terminated.
[0.231s] gmake[2]: *** [CMakeFiles/demo03_talker_stu.dir/build.make:76ï¼šCMakeFiles/demo03_talker_stu.dir/src/demo03_talker_stu.cpp.o] é”™è¯¯ 1
[0.231s] gmake[1]: *** [CMakeFiles/Makefile2:195ï¼šCMakeFiles/demo03_talker_stu.dir/all] é”™è¯¯ 2
[0.231s] gmake: *** [Makefile:146ï¼šall] é”™è¯¯ 2
[0.239s] Invoked command in '/home/kl/VS_CODE/Github_respository/ROS-_for_Study/ws01_plumbing/build/cpp01_topic_re' returned '2': CMAKE_PREFIX_PATH=${CMAKE_PREFIX_PATH}:/home/kl/VS_CODE/Github_respository/ROS-_for_Study/ws01_plumbing/install/py01_topic_re:/opt/ros/humble /usr/bin/cmake --build /home/kl/VS_CODE/Github_respository/ROS-_for_Study/ws01_plumbing/build/cpp01_topic_re -- -j8 -l8
