[0.019s] Invoking command in '/home/kl/VS_CODE/Github_respository/ROS-_for_Study/ws01_plumbing/build/base_interfaces': CMAKE_PREFIX_PATH=/opt/ros/humble /usr/bin/cmake --build /home/kl/VS_CODE/Github_respository/ROS-_for_Study/ws01_plumbing/build/base_interfaces -- -j8 -l8
[0.131s] -- Found ament_cmake: 1.3.5 (/opt/ros/humble/share/ament_cmake/cmake)
[0.287s] -- Found rosidl_default_generators: 1.2.0 (/opt/ros/humble/share/rosidl_default_generators/cmake)
[0.291s] -- Using all available rosidl_typesupport_c: rosidl_typesupport_fastrtps_c;rosidl_typesupport_introspection_c
[0.297s] -- Found rosidl_adapter: 3.1.4 (/opt/ros/humble/share/rosidl_adapter/cmake)
[0.352s] -- Using all available rosidl_typesupport_cpp: rosidl_typesupport_fastrtps_cpp;rosidl_typesupport_introspection_cpp
[0.553s] [31mCMake Error at /opt/ros/humble/share/rosidl_adapter/cmake/rosidl_adapt_interfaces.cmake:59 (message):
[0.553s]   execute_process(/usr/bin/python3.10 -m rosidl_adapter --package-name
[0.553s]   base_interfaces --arguments-file
[0.553s]   /home/kl/VS_CODE/Github_respository/ROS-_for_Study/ws01_plumbing/build/base_interfaces/rosidl_adapter__arguments__base_interfaces.json
[0.553s]   --output-dir
[0.553s]   /home/kl/VS_CODE/Github_respository/ROS-_for_Study/ws01_plumbing/build/base_interfaces/rosidl_adapter/base_interfaces
[0.553s]   --output-file
[0.553s]   /home/kl/VS_CODE/Github_respository/ROS-_for_Study/ws01_plumbing/build/base_interfaces/rosidl_adapter/base_interfaces.idls)
[0.553s]   returned error code 1:
[0.553s] 
[0.553s]   Error processing ' int32 num' of 'base_interfaces/Progress_Goal': 'string
[0.553s]   index out of range'
[0.553s] 
[0.553s]   Traceback (most recent call last):
[0.554s] 
[0.554s]     File "/usr/lib/python3.10/runpy.py", line 196, in _run_module_as_main
[0.554s]       return _run_code(code, main_globals, None,
[0.554s]     File "/usr/lib/python3.10/runpy.py", line 86, in _run_code
[0.554s]       exec(code, run_globals)
[0.554s]     File "/opt/ros/humble/local/lib/python3.10/dist-packages/rosidl_adapter/__main__.py", line 19, in <module>
[0.554s]       sys.exit(main())
[0.554s]     File "/opt/ros/humble/local/lib/python3.10/dist-packages/rosidl_adapter/main.py", line 53, in main
[0.554s]       abs_idl_file = convert_to_idl(
[0.554s]     File "/opt/ros/humble/local/lib/python3.10/dist-packages/rosidl_adapter/__init__.py", line 29, in convert_to_idl
[0.554s]       return convert_action_to_idl(
[0.554s]     File "/opt/ros/humble/local/lib/python3.10/dist-packages/rosidl_adapter/action/__init__.py", line 28, in convert_action_to_idl
[0.554s]       action = parse_action_string(package_name, input_file.stem, content)
[0.554s]     File "/opt/ros/humble/local/lib/python3.10/dist-packages/rosidl_adapter/parser.py", line 902, in parse_action_string
[0.554s]       goal_message = parse_message_string(
[0.555s]     File "/opt/ros/humble/local/lib/python3.10/dist-packages/rosidl_adapter/parser.py", line 520, in parse_message_string
[0.555s]       Type(type_string, context_package_name=pkg_name),
[0.555s]     File "/opt/ros/humble/local/lib/python3.10/dist-packages/rosidl_adapter/parser.py", line 241, in __init__
[0.555s]       self.is_array = type_string[-1] == ']'
[0.555s] 
[0.555s]   IndexError: string index out of range
[0.555s] 
[0.555s] Call Stack (most recent call first):
[0.555s]   /opt/ros/humble/share/rosidl_cmake/cmake/rosidl_generate_interfaces.cmake:130 (rosidl_adapt_interfaces)
[0.555s]   CMakeLists.txt:17 (rosidl_generate_interfaces)
[0.555s] 
[0.555s] [0m
[0.555s] -- Configuring incomplete, errors occurred!
[0.555s] See also "/home/kl/VS_CODE/Github_respository/ROS-_for_Study/ws01_plumbing/build/base_interfaces/CMakeFiles/CMakeOutput.log".
[0.558s] gmake: *** [Makefile:963ï¼šcmake_check_build_system] é”™è¯¯ 1
[0.559s] Invoked command in '/home/kl/VS_CODE/Github_respository/ROS-_for_Study/ws01_plumbing/build/base_interfaces' returned '2': CMAKE_PREFIX_PATH=/opt/ros/humble /usr/bin/cmake --build /home/kl/VS_CODE/Github_respository/ROS-_for_Study/ws01_plumbing/build/base_interfaces -- -j8 -l8
